C51 COMPILER V9.56.0.0   HT1621B                                                           01/29/2021 14:58:13 PAGE 1   


C51 COMPILER V9.56.0.0, COMPILATION OF MODULE HT1621B
OBJECT MODULE PLACED IN .\Objects\ht1621b.obj
COMPILER INVOKED BY: C:\program_list\keil\C51\BIN\C51.EXE ..\hardware\HT1621B\ht1621b.c LARGE OPTIMIZE(8,SPEED) BROWSE I
                    -NCDIR(..\hardware\ADC;..\hardware\debug;..\hardware\DELAY;..\hardware\Flash;..\hardware\HT1621B;..\hardware\Key;..\hardw
                    -are\my_stdio;..\hardware\OLED;..\hardware\product;..\hardware\Pwm;..\hardware\SYS;..\hardware\Timer;..\hardware\Uart;..\
                    -hardware\WDT;..\My_os) DEBUG OBJECTEXTEND PRINT(.\Listings\ht1621b.lst) OBJECT(.\Objects\ht1621b.obj)

line level    source

   1          #include "ht1621b.h"
   2          #include "delay.h"
   3          
   4          void ht1621_init_pin(void)
   5          {
   6   1              P1M1 = 0XC1;//设置为推挽输出
   7   1              P1M0 = 0XC1;//设置为推挽输出
   8   1              P0M7 = 0XC1;//设置为推挽输出
   9   1              P0M6 = 0XC1;//设置为推挽输出
  10   1      
  11   1              LCD_CS = 1;
  12   1              LCD_RD = 1;
  13   1              LCD_WR = 1;
  14   1              LCD_DATA = 1;
  15   1      }
  16          
  17          //高位在前
  18          static void ht1621_sendbit_hight(u8 dat,u8 cnt)
  19          {
  20   1              u8 i = 0;
  21   1      
  22   1              for (i = 0; i < cnt; ++i)
  23   1              {
  24   2                      LCD_WR = 0;
  25   2                      if((dat & 0x80) == 0)
  26   2                              LCD_DATA = 0;
  27   2                      else 
  28   2                              LCD_DATA = 1;
  29   2                      LCD_WR = 1;
  30   2                      lcd_delay_us(5);
  31   2                      dat <<= 1;
  32   2              }
  33   1      }
  34          //低位在前
  35          static void ht1621_sendbit_low(u8 dat,u8 cnt)
  36          {
  37   1              u8 i = 0;
  38   1      
  39   1              for (i = 0; i < cnt; ++i)
  40   1              {
  41   2                      LCD_WR = 0;
  42   2                      if((dat & 0x01) == 0)
  43   2                              LCD_DATA = 0;
  44   2                      else    
  45   2                              LCD_DATA = 1;
  46   2                      LCD_WR = 1;
  47   2                      lcd_delay_us(5);
  48   2                      dat >>= 1;      
  49   2              }
  50   1      }
  51          
  52          
C51 COMPILER V9.56.0.0   HT1621B                                                           01/29/2021 14:58:13 PAGE 2   

  53          void ht1621_send_cmd(u8 command)
  54          {
  55   1              LCD_CS = 0;
  56   1              ht1621_sendbit_hight(0x80,4);  //写入标志位100  写命令  没有更改时钟输出所以command最高位置0
  57   1              ht1621_sendbit_hight(command,8);
  58   1              LCD_CS = 1;
  59   1      }
  60          
  61          void ht1621_write_byte(u8 addr, u8 dat)
  62          {
  63   1              LCD_CS = 0;
  64   1              ht1621_sendbit_hight(0xA0,3);//101   写数据标志位
  65   1              ht1621_sendbit_hight(addr << 2,6);//ram  高6位  SEG序号
  66   1              ht1621_sendbit_low(dat,4);//data 低4位  COM
  67   1              LCD_CS = 1;
  68   1      }
  69          
  70          
  71          
  72          


MODULE INFORMATION:   STATIC OVERLAYABLE
   CODE SIZE        =    224    ----
   CONSTANT SIZE    =   ----    ----
   XDATA SIZE       =   ----       9
   PDATA SIZE       =   ----    ----
   DATA SIZE        =   ----    ----
   IDATA SIZE       =   ----    ----
   BIT SIZE         =   ----    ----
END OF MODULE INFORMATION.


C51 COMPILATION COMPLETE.  0 WARNING(S),  0 ERROR(S)
