C51 COMPILER V9.56.0.0   KEY                                                               02/25/2021 10:18:04 PAGE 1   


C51 COMPILER V9.56.0.0, COMPILATION OF MODULE KEY
OBJECT MODULE PLACED IN .\Objects\key.obj
COMPILER INVOKED BY: C:\program_list\keil\C51\BIN\C51.EXE ..\hardware\Key\key.c LARGE OPTIMIZE(8,SPEED) BROWSE INCDIR(..
                    -\hardware\ADC;..\hardware\debug;..\hardware\DELAY;..\hardware\Flash;..\hardware\HT1621B;..\hardware\Key;..\hardware\my_s
                    -tdio;..\hardware\OLED;..\hardware\product;..\hardware\Pwm;..\hardware\SYS;..\hardware\Timer;..\hardware\Uart;..\hardware
                    -\WDT;..\My_os) DEBUG OBJECTEXTEND PRINT(.\Listings\key.lst) OBJECT(.\Objects\key.obj)

line level    source

   1          #include "key.h"
   2          #include "sys.h"
   3          #include "flash.h"
   4          
   5          
   6          
   7          
   8          void key_init(void)
   9          {
  10   1          P3M5 = 0x61;                        //P35¨¦¨¨???a¡¤?¨º??¨¹¨¬?¨ºy¡Á?¡ä?¨¦?¨¤-¨º?¨¨?
  11   1          P2M5 = 0x61;                        //P25¨¦¨¨???a¡¤?¨º??¨¹¨¬?¨ºy¡Á?¡ä?¨¦?¨¤-¨º?¨¨?
  12   1          P2M6 = 0x61;                        //P26¨¦¨¨???a¡¤?¨º??¨¹¨¬?¨ºy¡Á?¡ä?¨¦?¨¤-¨º?¨¨?
  13   1         
  14   1          P2M7 = 0XC1;                        //¨¦¨¨???a¨ª?¨ª¨¬¨º?3?
  15   1          P2M1 = 0X51;                        //¨¦¨¨????¡¤?¨º??¨¹¨¬?¡ä???¨¤-¨º?¨¨?
  16   1      }
  17          
  18          
  19          static unsigned char key_driver(void)
  20          {
  21   1          static unsigned char key_state = 0;
  22   1          static unsigned int key_time = 0;
  23   1          unsigned char key_press, key_return;
  24   1      
  25   1          key_return = N_KEY;
  26   1      
  27   1          key_press = KEY_1;
  28   1          switch (key_state)
  29   1          {
  30   2              case KEY_STATE_0:
  31   2                  if (key_press == 0)
  32   2                  {
  33   3                      key_time = 0;
  34   3                      key_state = KEY_STATE_1;
  35   3                  }
  36   2                  break;
  37   2      
  38   2              case KEY_STATE_1:
  39   2                  if (key_press == 0)
  40   2                  {
  41   3                      key_time++;
  42   3                      if (key_time >= SINGLE_KEY_TIME)
  43   3                      {
  44   4                          key_state = KEY_STATE_2;
  45   4                      }
  46   3                  }
  47   2                  else
  48   2                      key_state = KEY_STATE_0;
  49   2                  break;
  50   2      
  51   2              case KEY_STATE_2:
  52   2                  if (key_press == 1)
C51 COMPILER V9.56.0.0   KEY                                                               02/25/2021 10:18:04 PAGE 2   

  53   2                  {
  54   3                      key_return = KEY_1_SHORT;
  55   3                      key_state = KEY_STATE_0;
  56   3                  }
  57   2                  else
  58   2                  {
  59   3                      key_time++;
  60   3      
  61   3                      if (key_time >= LONG_KEY_TIME)
  62   3                      {
  63   4                          key_return = KEY_1_LONG;
  64   4                          key_state = KEY_STATE_3;
  65   4                      }
  66   3                  }
  67   2                  break;
  68   2      
  69   2              case KEY_STATE_3:
  70   2                  if (key_press == 1)
  71   2                  {
  72   3                      key_state = KEY_STATE_0;
  73   3                  }
  74   2                  break;
  75   2      
  76   2              default:
  77   2                  key_state = KEY_STATE_0;
  78   2                  break;
  79   2          }
  80   1      
  81   1          return key_return;
  82   1      
  83   1      }
  84          static unsigned char Calibration_key_driver(void)
  85          {
  86   1          static unsigned char key_state = 0;
  87   1          static unsigned int key_time = 0;
  88   1          unsigned char key_press, key_return;
  89   1      
  90   1          key_return = N_KEY;
  91   1      
  92   1          key_press = KEY_2;
  93   1          switch (key_state)
  94   1          {
  95   2              case KEY_STATE_0:
  96   2                  if (key_press == 0)
  97   2                  {
  98   3                      key_time = 0;
  99   3                      key_state = KEY_STATE_1;
 100   3                  }
 101   2                  break;
 102   2      
 103   2              case KEY_STATE_1:
 104   2                  if (key_press == 0)
 105   2                  {
 106   3                      key_time++;
 107   3                      if (key_time >= SINGLE_KEY_TIME)
 108   3                      {
 109   4                          key_state = KEY_STATE_2;
 110   4                      }
 111   3                  }
 112   2                  else
 113   2                  {
 114   3                      key_state = KEY_STATE_0;
C51 COMPILER V9.56.0.0   KEY                                                               02/25/2021 10:18:04 PAGE 3   

 115   3                  }
 116   2                  break;
 117   2      
 118   2              case KEY_STATE_2:
 119   2                  if (key_press == 1)
 120   2                  {
 121   3                      key_return = KEY_1_SHORT;
 122   3                      key_state = KEY_STATE_0;
 123   3                  }
 124   2                  else
 125   2                  {
 126   3                      key_time++;
 127   3      
 128   3                      if (key_time >=  LONG_KEY_CALI_TIME)
 129   3                      {
 130   4                          key_return = KEY_CALI2_LONG;
 131   4                          key_state = KEY_STATE_3;
 132   4                      }
 133   3                  }
 134   2                  break;
 135   2      
 136   2              case KEY_STATE_3:
 137   2                  if (key_press == 1)
 138   2                  {
 139   3                      key_state = KEY_STATE_0;
 140   3                  }
 141   2                  break;
 142   2      
 143   2              default:
 144   2                  key_state = KEY_STATE_0;
 145   2                  break;
 146   2          }
 147   1      
 148   1          return key_return;
 149   1      
 150   1      }
 151          
 152          u8 key_scan(void)
 153          {
 154   1          static u8 key_up = 1;
 155   1      
 156   1          if (key_driver() == KEY_1_LONG)
 157   1          {
 158   2              return KEY_1_PRES;
 159   2          }
 160   1          else if (key_up && (KEY_1 == 0) && (g_Var_system.bCalibration_std == 0))
 161   1          {
 162   2              key_up = 0;
 163   2              return LED_STAY_ON;
 164   2          }
 165   1          if (Calibration_key_driver() ==  KEY_CALI2_LONG)
 166   1          {
 167   2              if ((get_device_state()  == OFF) && (flash_info.correct_std == 0))
 168   2              {
 169   3                  g_Var_system.bCalibration_std = 1;
 170   3                  flash_info.correct_std = 1;
 171   3                  flah_save_data();
 172   3              }
 173   2              else
 174   2              {
 175   3                  g_Var_system.bCalibration_std = 0;
 176   3              }
C51 COMPILER V9.56.0.0   KEY                                                               02/25/2021 10:18:04 PAGE 4   

 177   2          }
 178   1          else if (key_up && (KEY_2 == 0 || KEY_3 == 0) && (g_Var_system.bCalibration_std == 0))
 179   1          {
 180   2              key_up = 0;
 181   2              if (KEY_2 == 0)
 182   2              {
 183   3                  return KEY_3_PRES;
 184   3              }
 185   2              else if (KEY_3 == 0)
 186   2              {
 187   3                  return KEY_2_PRES;
 188   3              }
 189   2          }
 190   1          else if ((KEY_2 == 1) && (KEY_3 == 1) && (KEY_1 == 1))
 191   1          {
 192   2              key_up = 1;
 193   2          }
 194   1      
 195   1          return 0;
 196   1      }
 197          
 198          
 199          
 200          
 201          


MODULE INFORMATION:   STATIC OVERLAYABLE
   CODE SIZE        =    437    ----
   CONSTANT SIZE    =   ----    ----
   XDATA SIZE       =      7    ----
   PDATA SIZE       =   ----    ----
   DATA SIZE        =   ----    ----
   IDATA SIZE       =   ----    ----
   BIT SIZE         =   ----    ----
END OF MODULE INFORMATION.


C51 COMPILATION COMPLETE.  0 WARNING(S),  0 ERROR(S)
