C51 COMPILER V9.56.0.0   MAIN                                                              02/25/2021 10:18:03 PAGE 1   


C51 COMPILER V9.56.0.0, COMPILATION OF MODULE MAIN
OBJECT MODULE PLACED IN .\Objects\main.obj
COMPILER INVOKED BY: C:\program_list\keil\C51\BIN\C51.EXE ..\user\main.c LARGE OPTIMIZE(8,SPEED) BROWSE INCDIR(..\hardwa
                    -re\ADC;..\hardware\debug;..\hardware\DELAY;..\hardware\Flash;..\hardware\HT1621B;..\hardware\Key;..\hardware\my_stdio;..
                    -\hardware\OLED;..\hardware\product;..\hardware\Pwm;..\hardware\SYS;..\hardware\Timer;..\hardware\Uart;..\hardware\WDT;..
                    -\My_os) DEBUG OBJECTEXTEND PRINT(.\Listings\main.lst) OBJECT(.\Objects\main.obj)

line level    source

   1          /**
   2          *       ************************************************************************************
   3          *       @Examle Version         K9029
   4          *       @Demo   Version         V1.00.00
   5          *       @Date                           2021.1.18
   6          *       ************************************************************************************
   7          *
   8          **/
   9          
  10          #define ALLOCATE_EXTERN
  11          #include "HC89F3541.H"
  12          #include "uart.h"
  13          #include "timer.h"
  14          #include "flash.h"
  15          #include "key.h"
  16          #include "lcd_display.h"
  17          #include "sys.h"
  18          #include "adc.h"
  19          #include "pwm.h"
  20          #include "wdt.h"
  21          #include "product.h"
  22          
  23          
  24          void main(void)
  25          {
  26   1          Init_Config();
  27   1          System_Var_Init();
  28   1          while (1)
  29   1          {
  30   2           PWM_OUT();   
  31   2               STATUS_MACHINE();
  32   2           clear_wdt();
  33   2          }
  34   1      }
  35          
  36          
  37          


MODULE INFORMATION:   STATIC OVERLAYABLE
   CODE SIZE        =     17    ----
   CONSTANT SIZE    =   ----    ----
   XDATA SIZE       =   ----    ----
   PDATA SIZE       =   ----    ----
   DATA SIZE        =   ----    ----
   IDATA SIZE       =   ----    ----
   BIT SIZE         =   ----    ----
END OF MODULE INFORMATION.


C51 COMPILATION COMPLETE.  0 WARNING(S),  0 ERROR(S)
