C51 COMPILER V9.56.0.0   PWM                                                               02/25/2021 10:18:04 PAGE 1   


C51 COMPILER V9.56.0.0, COMPILATION OF MODULE PWM
OBJECT MODULE PLACED IN .\Objects\pwm.obj
COMPILER INVOKED BY: C:\program_list\keil\C51\BIN\C51.EXE ..\hardware\Pwm\pwm.c LARGE OPTIMIZE(8,SPEED) BROWSE INCDIR(..
                    -\hardware\ADC;..\hardware\debug;..\hardware\DELAY;..\hardware\Flash;..\hardware\HT1621B;..\hardware\Key;..\hardware\my_s
                    -tdio;..\hardware\OLED;..\hardware\product;..\hardware\Pwm;..\hardware\SYS;..\hardware\Timer;..\hardware\Uart;..\hardware
                    -\WDT;..\My_os) DEBUG OBJECTEXTEND PRINT(.\Listings\pwm.lst) OBJECT(.\Objects\pwm.obj)

line level    source

   1          #include "pwm.h"
   2          #include "sys.h"
   3          #include "delay.h"
   4          
   5          
   6          
   7          void pwm_init(void)
   8          {
   9   1          P0M0 = 0xC1;                        //P00设置为推挽输出
  10   1          P0M2 = 0x61;                        //P02设置为上拉输入
  11   1      }
  12          
  13          static void AC_TEST(void)
  14          {
  15   1          if ((AC_CY == 0) && (g_Var_system.AC_STATUS == 0))
  16   1          {
  17   2              g_Var_system.AC_STATUS = 1;
  18   2              
  19   2          }
  20   1          else if ((g_Var_system.AC_STATUS == 1) && (AC_CY == 1))
  21   1          {
  22   2              g_Var_system.AC_STATUS = 2;
  23   2              
  24   2          }
  25   1      }
  26          
  27          
  28          void PWM_OUT(void)
  29          {
  30   1          AC_TEST();
  31   1          if (g_Var_system.PWM_Status == ON)
  32   1          {
  33   2              if (g_Var_system.AC_STATUS == 2)
  34   2              {
  35   3                  if (--g_Var_system.AC_POWER_CNT < 1)
  36   3                  {
  37   4                      g_Var_system.AC_POWER_CNT = HEAT_POWER;
  38   4                      HOT_PIN = 1;
  39   4                      delay_ms(HEAT_PULSE_TIME);   //7.5ms
  40   4                      HOT_PIN = 0;
  41   4                      g_Var_system.AC_STATUS = 0;
  42   4                  }
  43   3              }
  44   2          }
  45   1          else
  46   1              HOT_PIN = 0;
  47   1      }
  48          
  49          
  50          
  51          //void Hot_PWM_Process(void)
  52          //{
C51 COMPILER V9.56.0.0   PWM                                                               02/25/2021 10:18:04 PAGE 2   

  53          //  if(g_Var_system.PWM_Status == ON)
  54          //      {
  55          //       Set_Heat_Power (5);
  56          //    }
  57          //  else
  58          //      {
  59          //      HOT_PIN = 0;
  60          //    }
  61          //}
  62          
  63          void set_pwm(u8 duty)
  64          {
  65   1          if (duty == 0)
  66   1          {
  67   2              g_Var_system.PWM_Status = OFF;
  68   2          }
  69   1          else
  70   1              g_Var_system.PWM_Status = ON;
  71   1      }
  72          //
  73          //void pwm_init(void)
  74          //{
  75          //      P0M0 = 0xC1;                        //P00设置为推挽输出
  76          //  P0M2 = 0x61;                                                //P02设置为上拉输入
  77          //      PWM3_MAP = 0x00;                                        //PWM3映射P00口
  78          //
  79          //
  80          //      //16MHZ
  81          //      //周期计算      = 0xFF / (Fosc / PWM分频系数)    PWM3C
  82          //      //                      = 0xFF /(16000000 / 128)
  83          //      //                      = 1/255 /125000
  84          //      //                      = 490HZ
  85          //      pwm_period = 0xFF;                      //31250 = 4000000/128
  86          //      PWM3P = pwm_period;                                     //PWM周期
  87          //      //set_pwm(10);
  88          //      PWM3C = 0x97;                                           //使能PWM3，关闭中断，允许输出，时钟128分频 111
  89          //}
  90          


MODULE INFORMATION:   STATIC OVERLAYABLE
   CODE SIZE        =    120    ----
   CONSTANT SIZE    =   ----    ----
   XDATA SIZE       =   ----    ----
   PDATA SIZE       =   ----    ----
   DATA SIZE        =   ----    ----
   IDATA SIZE       =   ----    ----
   BIT SIZE         =   ----    ----
END OF MODULE INFORMATION.


C51 COMPILATION COMPLETE.  0 WARNING(S),  0 ERROR(S)
