C51 COMPILER V9.56.0.0   TIMER                                                             02/25/2021 10:18:04 PAGE 1   


C51 COMPILER V9.56.0.0, COMPILATION OF MODULE TIMER
OBJECT MODULE PLACED IN .\Objects\timer.obj
COMPILER INVOKED BY: C:\program_list\keil\C51\BIN\C51.EXE ..\hardware\Timer\timer.c LARGE OPTIMIZE(8,SPEED) BROWSE INCDI
                    -R(..\hardware\ADC;..\hardware\debug;..\hardware\DELAY;..\hardware\Flash;..\hardware\HT1621B;..\hardware\Key;..\hardware\
                    -my_stdio;..\hardware\OLED;..\hardware\product;..\hardware\Pwm;..\hardware\SYS;..\hardware\Timer;..\hardware\Uart;..\hard
                    -ware\WDT;..\My_os) DEBUG OBJECTEXTEND PRINT(.\Listings\timer.lst) OBJECT(.\Objects\timer.obj)

line level    source

   1          #include "timer.h"
   2          #include "pwm.h"
   3          #include "sys.h"
   4          
   5          u16 cnt_systick = 0;
   6          volatile Timer_systick_bit Vartime = {0, 0, 0, 0, 0, 0};
   7          
   8          
   9          void device_init(void)
  10          {
  11   1          /************************************?????****************************************/
  12   1          CLKSWR = 0x51;                       //16MHz
  13   1          CLKDIV = 0x01;                                              //Fosc 1????Fcpu,Fcpu=16MH
  14   1      }
  15          
  16          
  17          void Timer1Init(void)
  18          {
  19   1          //    TCON1 &= 0xEF;//12T??
  20   1          //    TMOD &= 0xCF;//??0:16?????
  21   1          //    TH1 = 0xCB;//???8?
  22   1          //    TL1 = 0xEB;//???8?
  23   1          //    TF1 = 0;//??????
  24   1          //    ET1 = 1;//????
  25   1          //    TR1 = 1;//?????
  26   1          TCON1 = 0x00;
  27   1          TMOD = 0x00;
  28   1          TH0 = 0xCB;
  29   1          TL0 = 0xEB;
  30   1          IE |= 0x02;
  31   1          TCON |= 0x10;
  32   1      }
  33          
  34          //T1??????
  35          void TIMER0_Rpt(void) interrupt TIMER0_VECTOR
  36          {
  37   1          cnt_systick++;
  38   1          Vartime.bSystick_10ms = Ture;
  39   1      
  40   1          if (cnt_systick % 10 == 0)
  41   1          {
  42   2              Vartime.bSystick_100ms = Ture;
  43   2          }
  44   1          if (cnt_systick % 5 == 0)
  45   1          {
  46   2              Vartime.bSystick_50ms = Ture;
  47   2          }
  48   1          if (cnt_systick % 50 == 0)
  49   1          {
  50   2              Vartime.bSystick_500ms = Ture;
  51   2          }
  52   1          if (cnt_systick % 100 == 0)
C51 COMPILER V9.56.0.0   TIMER                                                             02/25/2021 10:18:04 PAGE 2   

  53   1          {
  54   2              Vartime.bSystick_1s = Ture;
  55   2          }
  56   1          if (cnt_systick % 2 == 0)
  57   1          {
  58   2              Vartime.bSystick_20ms = Ture;
  59   2          }
  60   1          //TaskRemarks();
  61   1      
  62   1          TF1 = 0;
  63   1      
  64   1      }
  65          
  66          
  67          
  68          


MODULE INFORMATION:   STATIC OVERLAYABLE
   CODE SIZE        =    216    ----
   CONSTANT SIZE    =   ----    ----
   XDATA SIZE       =      3    ----
   PDATA SIZE       =   ----    ----
   DATA SIZE        =   ----    ----
   IDATA SIZE       =   ----    ----
   BIT SIZE         =   ----    ----
END OF MODULE INFORMATION.


C51 COMPILATION COMPLETE.  0 WARNING(S),  0 ERROR(S)
